0 info it worked if it ends with ok
1 verbose cli [ 'D:\\nodejs\\node.exe',
1 verbose cli   'D:\\nodejs\\node_modules\\npm\\bin\\npm-cli.js',
1 verbose cli   'run',
1 verbose cli   'docs:dev' ]
2 info using npm@3.10.10
3 info using node@v6.11.3
4 verbose run-script [ 'predocs:dev', 'docs:dev', 'postdocs:dev' ]
5 info lifecycle blogpress@1.0.0~predocs:dev: blogpress@1.0.0
6 silly lifecycle blogpress@1.0.0~predocs:dev: no script for predocs:dev, continuing
7 info lifecycle blogpress@1.0.0~docs:dev: blogpress@1.0.0
8 verbose lifecycle blogpress@1.0.0~docs:dev: unsafe-perm in lifecycle true
9 verbose lifecycle blogpress@1.0.0~docs:dev: PATH: D:\nvm\v6.11.3\node_modules\npm\bin\node-gyp-bin;D:\Documents\chwech\blogpress\node_modules\.bin;C:\Users\Administrator\bin;D:\Git\mingw64\bin;D:\Git\usr\local\bin;D:\Git\usr\bin;D:\Git\usr\bin;D:\Git\mingw64\bin;D:\Git\usr\bin;C:\Users\Administrator\bin;C:\Program Files (x86)\Common Files\Intel\Shared Files\cpp\bin\Intel64;C:\Windows\system32;C:\Windows;C:\Windows\System32\Wbem;C:\Windows\System32\WindowsPowerShell\v1.0;D:\Git\cmd;D:\Microsoft VS Code\bin;D:\nvm;D:\nvm\nodejs;D:\nvm;D:\nvm\nodejs;D:\nvm;D:\nodejs;D:\Microsoft VS Code\bin;D:\nvm;D:\nodejs;D:\Git\usr\bin\vendor_perl;D:\Git\usr\bin\core_perl
10 verbose lifecycle blogpress@1.0.0~docs:dev: CWD: D:\Documents\chwech\blogpress
11 silly lifecycle blogpress@1.0.0~docs:dev: Args: [ '/d /s /c', 'vuepress dev docs' ]
12 silly lifecycle blogpress@1.0.0~docs:dev: Returned: code: 1  signal: null
13 info lifecycle blogpress@1.0.0~docs:dev: Failed to exec docs:dev script
14 verbose stack Error: blogpress@1.0.0 docs:dev: `vuepress dev docs`
14 verbose stack Exit status 1
14 verbose stack     at EventEmitter.<anonymous> (D:\nvm\v6.11.3\node_modules\npm\lib\utils\lifecycle.js:255:16)
14 verbose stack     at emitTwo (events.js:106:13)
14 verbose stack     at EventEmitter.emit (events.js:191:7)
14 verbose stack     at ChildProcess.<anonymous> (D:\nvm\v6.11.3\node_modules\npm\lib\utils\spawn.js:40:14)
14 verbose stack     at emitTwo (events.js:106:13)
14 verbose stack     at ChildProcess.emit (events.js:191:7)
14 verbose stack     at maybeClose (internal/child_process.js:920:16)
14 verbose stack     at Process.ChildProcess._handle.onexit (internal/child_process.js:230:5)
15 verbose pkgid blogpress@1.0.0
16 verbose cwd D:\Documents\chwech\blogpress
17 error Windows_NT 6.1.7601
18 error argv "D:\\nodejs\\node.exe" "D:\\nodejs\\node_modules\\npm\\bin\\npm-cli.js" "run" "docs:dev"
19 error node v6.11.3
20 error npm  v3.10.10
21 error code ELIFECYCLE
22 error blogpress@1.0.0 docs:dev: `vuepress dev docs`
22 error Exit status 1
23 error Failed at the blogpress@1.0.0 docs:dev script 'vuepress dev docs'.
23 error Make sure you have the latest version of node.js and npm installed.
23 error If you do, this is most likely a problem with the blogpress package,
23 error not with npm itself.
23 error Tell the author that this fails on your system:
23 error     vuepress dev docs
23 error You can get information on how to open an issue for this project with:
23 error     npm bugs blogpress
23 error Or if that isn't available, you can get their info via:
23 error     npm owner ls blogpress
23 error There is likely additional logging output above.
24 verbose exit [ 1, true ]
